<?xml version="1.0" encoding="UTF-8"?>
<!-- Generated by org.testng.reporters.JUnitReportReporter -->
<testsuite hostname="Debashree" failures="0" tests="1" name="rahulshettyacademy.tests.SubmitOrder" time="8.190" errors="0" timestamp="2024-09-11T02:18:46 IST" skipped="0">
  <testcase classname="rahulshettyacademy.tests.SubmitOrder" name="submitOrder" time="8.190"/>
  <system-out/>
</testsuite> <!-- rahulshettyacademy.tests.SubmitOrder -->
