<?xml version="1.0" encoding="UTF-8"?>
<!-- Generated by org.testng.reporters.JUnitReportReporter -->
<testsuite hostname="Debashree" failures="0" tests="1" name="rahulshettyacademy.tests.ErrorValidation" time="6.155" errors="0" timestamp="2024-09-11T02:27:08 IST" skipped="0">
  <testcase classname="rahulshettyacademy.tests.ErrorValidation" name="submitOrder" time="6.155"/>
  <system-out/>
</testsuite> <!-- rahulshettyacademy.tests.ErrorValidation -->
