<?xml version="1.0" encoding="UTF-8"?>
<!-- Generated by org.testng.reporters.JUnitReportReporter -->
<testsuite hostname="Debashree" failures="0" tests="1" name="Cucumber.TestNGTestRunner" time="4.413" errors="0" timestamp="2024-09-15T12:26:17 IST" skipped="0">
  <testcase classname="Cucumber.TestNGTestRunner" name="runScenario" time="4.413"/>
</testsuite> <!-- Cucumber.TestNGTestRunner -->
