<?xml version="1.0" encoding="UTF-8"?>
<!-- Generated by org.testng.reporters.JUnitReportReporter -->
<testsuite hostname="Debashree" failures="0" tests="2" name="rahulshettyacademy.tests.ErrorValidationTest" time="10.350" errors="0" timestamp="2024-09-15T12:30:34 IST" skipped="0">
  <testcase classname="rahulshettyacademy.tests.ErrorValidationTest" name="ProductErrorValidation" time="6.637"/>
  <testcase classname="rahulshettyacademy.tests.ErrorValidationTest" name="LoginErrorValidation" time="3.713"/>
</testsuite> <!-- rahulshettyacademy.tests.ErrorValidationTest -->
